{"millis": 14822, "alt": 0.0442868173122406, "vel": -0.06712677329778671, "acc": -0.07877008616924286, "raw_alt": -0.11090087890625, "raw_acc": [-1.6519991159439087, 4.611232280731201, 8.547300338745117], "lat": 0.0, "lon": 0.0, "apogee": 0.0, "temp": 33.97, "batt_v": 7.394, "phase": "Idle"}
{"millis": 15022, "alt": -0.005633318796753883, "vel": -0.10403794795274734, "acc": -0.07923078536987305, "raw_alt": -0.03692626953125, "raw_acc": [-1.4077905416488647, 4.6255974769592285, 8.418013572692871], "lat": 0.0, "lon": 0.0, "apogee": 0.0, "temp": 33.98, "batt_v": 7.41, "phase": "Idle"}
{"millis": 15222, "alt": -0.049186836928129196, "vel": -0.13146522641181946, "acc": -0.07494791597127914, "raw_alt": -0.1346893310546875, "raw_acc": [-1.3934253454208374, 4.7189717292785645, 8.418013572692871], "lat": 0.0, "lon": 0.0, "apogee": 0.0, "temp": 33.99, "batt_v": 7.429, "phase": "Idle"}
{"millis": 15422, "alt": -0.11026665568351746, "vel": -0.1654994636774063, "acc": -0.07084433734416962, "raw_alt": -0.1901702880859375, "raw_acc": [-1.6089035272598267, 4.8051629066467285, 8.339004516601562], "lat": 0.0, "lon": 0.0, "apogee": 0.0, "temp": 33.99, "batt_v": 7.429, "phase": "Idle"}
{"millis": 15622, "alt": -0.13711710274219513, "vel": -0.17545904219150543, "acc": -0.07480628788471222, "raw_alt": -0.07830810546875, "raw_acc": [-1.53707754611969, 4.8267107009887695, 8.317456245422363], "lat": 0.0, "lon": 0.0, "apogee": 0.0, "temp": 33.99, "batt_v": 7.391, "phase": "Idle"}
{"millis": 15822, "alt": -0.15679164230823517, "vel": -0.18496385216712952, "acc": -0.08610706031322479, "raw_alt": -0.1575775146484375, "raw_acc": [-1.5442601442337036, 4.7189717292785645, 8.489839553833008], "lat": 0.0, "lon": 0.0, "apogee": 0.0, "temp": 34.0, "batt_v": 7.4, "phase": "Idle"}
{"millis": 16022, "alt": -0.19660821557044983, "vel": -0.21127279102802277, "acc": -0.11019639670848846, "raw_alt": -0.057159423828125, "raw_acc": [-1.659181833267212, 4.7405195236206055, 8.33182144165039], "lat": 0.0, "lon": 0.0, "apogee": 0.0, "temp": 34.0, "batt_v": 7.432, "phase": "Idle"}
{"millis": 16222, "alt": -0.2475743591785431, "vel": -0.2392370104789734, "acc": -0.11472450941801071, "raw_alt": -0.15228271484375, "raw_acc": [-1.5729905366897583, 4.790797710418701, 8.418013572692871], "lat": 0.0, "lon": 0.0, "apogee": 0.0, "temp": 34.01, "batt_v": 7.407, "phase": "Idle"}
{"millis": 16422, "alt": -0.27080801129341125, "vel": -0.24838964641094208, "acc": -0.12498189508914948, "raw_alt": -0.1787109375, "raw_acc": [-1.6376339197158813, 4.876988887786865, 8.180987358093262], "lat": 0.0, "lon": 0.0, "apogee": 0.0, "temp": 34.01, "batt_v": 7.4, "phase": "Idle"}
{"millis": 16622, "alt": -0.26030969619750977, "vel": -0.22600173950195312, "acc": -0.09923461079597473, "raw_alt": -0.06451416015625, "raw_acc": [-1.5658079385757446, 4.790797710418701, 8.35336971282959], "lat": 0.0, "lon": 0.0, "apogee": 0.0, "temp": 34.0, "batt_v": 7.429, "phase": "Idle"}
{"millis": 16823, "alt": -0.21903745830059052, "vel": -0.16856400668621063, "acc": -0.039330340921878815, "raw_alt": -0.0169525146484375, "raw_acc": [-1.680729627609253, 4.869806289672852, 8.274360656738281], "lat": 0.0, "lon": 0.0, "apogee": 0.0, "temp": 33.99, "batt_v": 7.4, "phase": "Idle"}
{"millis": 17023, "alt": -0.1957060843706131, "vel": -0.13445495069026947, "acc": -0.022794513031840324, "raw_alt": -0.14642333984375, "raw_acc": [-1.659181833267212, 4.884171485900879, 8.224082946777344], "lat": 0.0, "lon": 0.0, "apogee": 0.0, "temp": 33.99, "batt_v": 7.397, "phase": "Idle"}
{"millis": 17223, "alt": -0.1763092428445816, "vel": -0.10165701061487198, "acc": 0.0012067947536706924, "raw_alt": -0.014312744140625, "raw_acc": [-1.558625340461731, 4.955997467041016, 8.339004516601562], "lat": 0.0, "lon": 0.0, "apogee": 0.0, "temp": 34.0, "batt_v": 7.429, "phase": "Idle"}
{"millis": 17423, "alt": -0.1472245752811432, "vel": -0.06516320258378983, "acc": 0.013681566342711449, "raw_alt": 0.020050048828125, "raw_acc": [-1.6950948238372803, 5.04218864440918, 8.101978302001953], "lat": 0.0, "lon": 0.0, "apogee": 0.0, "temp": 34.01, "batt_v": 7.426, "phase": "Idle"}
{"millis": 17623, "alt": -0.10409394651651382, "vel": -0.03117084503173828, "acc": 0.006393891759216785, "raw_alt": 0.0621185302734375, "raw_acc": [-1.6304513216018677, 5.070919036865234, 8.202534675598145], "lat": 0.0, "lon": 0.0, "apogee": 0.0, "temp": 34.02, "batt_v": 7.438, "phase": "Idle"}
{"millis": 17823, "alt": -0.05025606229901314, "vel": 0.0531066358089447, "acc": 0.1263273060321808, "raw_alt": -0.0330047607421875, "raw_acc": [-1.5442601442337036, 4.876988887786865, 8.489839553833008], "lat": 0.0, "lon": 0.0, "apogee": 0.0, "temp": 34.02, "batt_v": 7.388, "phase": "Idle"}
{"millis": 18023, "alt": -0.04485981911420822, "vel": -0.03407721221446991, "acc": -0.1478358805179596, "raw_alt": 0.0858917236328125, "raw_acc": [-1.745373010635376, 5.142745018005371, 7.994239330291748], "lat": 0.0, "lon": 0.0, "apogee": 0.0, "temp": 34.02, "batt_v": 7.391, "phase": "Idle"}
{"millis": 18223, "alt": -0.04594585672020912, "vel": -0.09186787158250809, "acc": -0.24551188945770264, "raw_alt": 0.1123199462890625, "raw_acc": [-1.2497732639312744, 4.223371982574463, 8.022970199584961], "lat": 0.0, "lon": 0.0, "apogee": 0.0, "temp": 34.02, "batt_v": 7.391, "phase": "Idle"}
{"millis": 18423, "alt": -0.07894454896450043, "vel": -0.2112416923046112, "acc": -0.4162091016769409, "raw_alt": -0.0330047607421875, "raw_acc": [-1.7597382068634033, 4.244919776916504, 7.90086555480957], "lat": 0.0, "lon": 0.0, "apogee": 0.0, "temp": 34.03, "batt_v": 7.435, "phase": "Idle"}
{"millis": 18623, "alt": -0.10071733593940735, "vel": -0.2564581036567688, "acc": -0.3610466420650482, "raw_alt": -0.002044677734375, "raw_acc": [-1.0342950820922852, 4.043806552886963, 8.518569946289062], "lat": 0.0, "lon": 0.0, "apogee": 0.0, "temp": 34.03, "batt_v": 7.403, "phase": "Idle"}
{"millis": 18823, "alt": -0.12187743186950684, "vel": -0.30247849225997925, "acc": -0.3440910875797272, "raw_alt": -0.020538330078125, "raw_acc": [-1.623268723487854, 3.1675288677215576, 8.992621421813965], "lat": 0.0, "lon": 0.0, "apogee": 0.0, "temp": 34.02, "batt_v": 7.388, "phase": "Idle"}
{"millis": 19023, "alt": -0.16314858198165894, "vel": -0.3040497601032257, "acc": -0.19566702842712402, "raw_alt": -0.1183013916015625, "raw_acc": [-1.1276689767837524, 2.3702597618103027, 9.75397777557373], "lat": 0.0, "lon": 0.0, "apogee": 0.0, "temp": 34.01, "batt_v": 7.407, "phase": "Idle"}
{"millis": 19223, "alt": -0.17488086223602295, "vel": -0.211927592754364, "acc": 0.06787109375, "raw_alt": -0.1869964599609375, "raw_acc": [-1.3000515699386597, 1.968033790588379, 9.861717224121094], "lat": 0.0, "lon": 0.0, "apogee": 0.0, "temp": 33.99, "batt_v": 7.381, "phase": "Idle"}
{"millis": 19423, "alt": -0.24351701140403748, "vel": -0.19944420456886292, "acc": 0.12330293655395508, "raw_alt": -0.3693084716796875, "raw_acc": [-0.6751648783683777, 1.867477297782898, 10.134655952453613], "lat": 0.0, "lon": 0.0, "apogee": 0.0, "temp": 33.98, "batt_v": 7.381, "phase": "Idle"}
{"millis": 19623, "alt": -0.32620590925216675, "vel": -0.21451705694198608, "acc": 0.09509935975074768, "raw_alt": -0.4630889892578125, "raw_acc": [-1.2856862545013428, 1.8387469053268433, 9.344569206237793], "lat": 0.0, "lon": 0.0, "apogee": 0.0, "temp": 33.97, "batt_v": 7.429, "phase": "Idle"}
{"millis": 19823, "alt": -0.3828091621398926, "vel": -0.15540875494480133, "acc": 0.24019348621368408, "raw_alt": -0.4868621826171875, "raw_acc": [-0.9624691009521484, 1.702277421951294, 10.070012092590332], "lat": 0.0, "lon": 0.0, "apogee": 0.0, "temp": 33.96, "batt_v": 7.378, "phase": "Idle"}
{"millis": 20023, "alt": -0.4247302711009979, "vel": -0.06097552552819252, "acc": 0.396553635597229, "raw_alt": -0.4736480712890625, "raw_acc": [-0.6105214357376099, 0.8259995579719543, 10.220847129821777], "lat": 0.0, "lon": 0.0, "apogee": 0.0, "temp": 33.97, "batt_v": 7.375, "phase": "Idle"}
{"millis": 20223, "alt": -0.4513787031173706, "vel": 0.06833644211292267, "acc": 0.5665491223335266, "raw_alt": -0.711456298828125, "raw_acc": [-0.43095630407333374, 1.1061211824417114, 10.134655952453613], "lat": 0.0, "lon": 0.0, "apogee": 0.0, "temp": 33.99, "batt_v": 7.391, "phase": "Idle"}
{"millis": 20423, "alt": -0.4509983956813812, "vel": 0.1652490496635437, "acc": 0.5694131851196289, "raw_alt": -0.4868621826171875, "raw_acc": [-0.395043283700943, 0.7469909191131592, 10.192116737365723], "lat": 0.0, "lon": 0.0, "apogee": 0.0, "temp": 34.0, "batt_v": 7.413, "phase": "Idle"}
{"millis": 20623, "alt": -0.4583658277988434, "vel": 0.22641032934188843, "acc": 0.5189952850341797, "raw_alt": -0.525390625, "raw_acc": [0.2944868206977844, 0.545877993106842, 10.378864288330078], "lat": 0.0, "lon": 0.0, "apogee": 0.0, "temp": 34.0, "batt_v": 7.248, "phase": "Idle"}
{"millis": 20823, "alt": -0.42765361070632935, "vel": 0.2630996108055115, "acc": 0.3911586105823517, "raw_alt": -0.4884033203125, "raw_acc": [0.1867477297782898, 0.5530605912208557, 10.285490036010742], "lat": 0.0, "lon": 0.0, "apogee": 0.0, "temp": 33.99, "batt_v": 7.293, "phase": "Idle"}
{"millis": 21023, "alt": -0.39675766229629517, "vel": 0.28806987404823303, "acc": 0.30166083574295044, "raw_alt": -0.475189208984375, "raw_acc": [0.2513911724090576, 0.4596867263317108, 10.062829971313477], "lat": 0.0, "lon": 0.0, "apogee": 0.0, "temp": 33.98, "batt_v": 7.346, "phase": "Idle"}
{"millis": 21223, "alt": -0.37803545594215393, "vel": 0.28892573714256287, "acc": 0.2161259949207306, "raw_alt": -0.4540557861328125, "raw_acc": [0.028730420395731926, 0.19393034279346466, 9.861717224121094], "lat": 0.0, "lon": 0.0, "apogee": 0.0, "temp": 33.96, "batt_v": 7.353, "phase": "Idle"}
{"millis": 21423, "alt": -0.3496420979499817, "vel": 0.2558246850967407, "acc": 0.07051277905702591, "raw_alt": -0.4593353271484375, "raw_acc": [0.10055647045373917, 0.16519992053508759, 9.718064308166504], "lat": 0.0, "lon": 0.0, "apogee": 0.0, "temp": 33.96, "batt_v": 7.353, "phase": "Idle"}
{"millis": 21623, "alt": -0.26796457171440125, "vel": 0.27381470799446106, "acc": 0.026841334998607635, "raw_alt": 0.0442352294921875, "raw_acc": [0.20111294090747833, 0.30885201692581177, 9.825803756713867], "lat": 0.0, "lon": 0.0, "apogee": 0.0, "temp": 33.95, "batt_v": 7.378, "phase": "Idle"}
{"millis": 21823, "alt": -0.148199200630188, "vel": 0.29619815945625305, "acc": -0.03822549805045128, "raw_alt": 0.060089111328125, "raw_acc": [0.06464344263076782, 0.12928688526153564, 9.739612579345703], "lat": 0.0, "lon": 0.0, "apogee": 0.0, "temp": 33.95, "batt_v": 7.372, "phase": "Idle"}
{"millis": 22023, "alt": -0.06397762149572372, "vel": 0.291049599647522, "acc": -0.07566787302494049, "raw_alt": -0.048248291015625, "raw_acc": [0.10055647045373917, 0.2944868206977844, 9.804255485534668], "lat": 0.0, "lon": 0.0, "apogee": 0.0, "temp": 33.94, "batt_v": 7.381, "phase": "Idle"}
{"millis": 22223, "alt": -0.0021149280946701765, "vel": 0.25360965728759766, "acc": -0.1434193253517151, "raw_alt": -0.0006866455078125, "raw_acc": [0.10773907601833344, 0.3016694188117981, 9.768342971801758], "lat": 0.0, "lon": 0.0, "apogee": 0.0, "temp": 33.94, "batt_v": 7.388, "phase": "Idle"}
{"millis": 22423, "alt": 0.020371634513139725, "vel": 0.20157450437545776, "acc": -0.16380394995212555, "raw_alt": 0.0125274658203125, "raw_acc": [0.10055647045373917, 0.2585737705230713, 9.832986831665039], "lat": 0.0, "lon": 0.0, "apogee": 0.0, "temp": 33.94, "batt_v": 7.353, "phase": "Idle"}
{"millis": 22623, "alt": 0.04150772839784622, "vel": 0.16321811079978943, "acc": -0.14772382378578186, "raw_alt": 0.0395660400390625, "raw_acc": [0.08619125932455063, 0.44532153010368347, 9.904812812805176], "lat": 0.0, "lon": 0.0, "apogee": 0.0, "temp": 33.94, "batt_v": 7.356, "phase": "Idle"}
{"millis": 22823, "alt": 0.06007145345211029, "vel": 0.13933327794075012, "acc": -0.11548081785440445, "raw_alt": 0.0263519287109375, "raw_acc": [0.10055647045373917, 0.31603461503982544, 9.768342971801758], "lat": 0.0, "lon": 0.0, "apogee": 0.0, "temp": 33.94, "batt_v": 7.365, "phase": "Idle"}
{"millis": 23023, "alt": 0.06908973306417465, "vel": 0.1160535141825676, "acc": -0.08811189979314804, "raw_alt": -0.0767059326171875, "raw_acc": [0.1364694982767105, 0.40940847992897034, 9.818621635437012], "lat": 0.0, "lon": 0.0, "apogee": 0.0, "temp": 33.93, "batt_v": 7.391, "phase": "Idle"}
{"millis": 23223, "alt": 0.06776978820562363, "vel": 0.09034477174282074, "acc": -0.07074779272079468, "raw_alt": -0.0264892578125, "raw_acc": [0.15801730751991272, 0.45250412821769714, 9.861717224121094], "lat": 0.0, "lon": 0.0, "apogee": 0.0, "temp": 33.92, "batt_v": 7.353, "phase": "Idle"}
{"millis": 23423, "alt": 0.04027872160077095, "vel": 0.04632963240146637, "acc": -0.07631894946098328, "raw_alt": -0.1163330078125, "raw_acc": [0.16519992053508759, 0.5961562395095825, 9.818621635437012], "lat": 0.0, "lon": 0.0, "apogee": 0.0, "temp": 33.94, "batt_v": 7.369, "phase": "Idle"}
{"millis": 23623, "alt": -0.009086099453270435, "vel": -0.010110052302479744, "acc": -0.09217140078544617, "raw_alt": -0.1318817138671875, "raw_acc": [0.10773907601833344, 0.3519476354122162, 9.703699111938477], "lat": 0.0, "lon": 0.0, "apogee": 0.0, "temp": 33.96, "batt_v": 7.384, "phase": "Idle"}
{"millis": 23823, "alt": -0.05109370872378349, "vel": -0.05654904991388321, "acc": -0.10437118262052536, "raw_alt": -0.1266021728515625, "raw_acc": [0.0933738648891449, 0.35913026332855225, 9.682151794433594], "lat": 0.0, "lon": 0.0, "apogee": 0.0, "temp": 33.97, "batt_v": 7.372, "phase": "Idle"}
{"millis": 24023, "alt": -0.07931394129991531, "vel": -0.06989409774541855, "acc": -0.054420676082372665, "raw_alt": -0.16094970703125, "raw_acc": [0.1364694982767105, 0.4165911078453064, 9.96945571899414], "lat": 0.0, "lon": 0.0, "apogee": 0.0, "temp": 33.99, "batt_v": 7.403, "phase": "Idle"}
{"millis": 24223, "alt": -0.12826187908649445, "vel": -0.11759375035762787, "acc": -0.10135997086763382, "raw_alt": -0.002410888671875, "raw_acc": [0.07900865375995636, 0.45250412821769714, 9.545681953430176], "lat": 0.0, "lon": 0.0, "apogee": 0.0, "temp": 33.99, "batt_v": 7.419, "phase": "Idle"}
{"millis": 24423, "alt": -0.1441589593887329, "vel": -0.11498820781707764, "acc": -0.05604974925518036, "raw_alt": -0.047332763671875, "raw_acc": [-0.043095629662275314, 0.5746083855628967, 9.81143856048584], "lat": 0.0, "lon": 0.0, "apogee": 0.0, "temp": 34.0, "batt_v": 7.305, "phase": "Idle"}
{"millis": 24623, "alt": -0.13318634033203125, "vel": -0.1103409007191658, "acc": -0.08311302959918976, "raw_alt": 0.100921630859375, "raw_acc": [-0.2585737705230713, 0.4668693244457245, 9.366117477416992], "lat": 0.0, "lon": 0.0, "apogee": 0.0, "temp": 34.0, "batt_v": 7.388, "phase": "Idle"}
{"millis": 24823, "alt": -0.13825064897537231, "vel": -0.15412762761116028, "acc": -0.181732177734375, "raw_alt": -0.0312042236328125, "raw_acc": [-0.10773907601833344, 0.43095630407333374, 9.653421401977539], "lat": 0.0, "lon": 0.0, "apogee": 0.0, "temp": 34.01, "batt_v": 7.381, "phase": "Idle"}
{"millis": 25023, "alt": -0.14053161442279816, "vel": -0.1725965440273285, "acc": -0.190519317984581, "raw_alt": -0.0814056396484375, "raw_acc": [-0.45250412821769714, 0.17238251864910126, 9.495404243469238], "lat": 0.0, "lon": 0.0, "apogee": 0.0, "temp": 34.03, "batt_v": 7.375, "phase": "Idle"}
{"millis": 25223, "alt": -0.12842682003974915, "vel": -0.16537071764469147, "acc": -0.15149527788162231, "raw_alt": 0.0137176513671875, "raw_acc": [0.014365210197865963, 0.2801215946674347, 9.75397777557373], "lat": 0.0, "lon": 0.0, "apogee": 0.0, "temp": 34.02, "batt_v": 7.394, "phase": "Idle"}
{"millis": 25423, "alt": -0.1304062455892563, "vel": -0.15321950614452362, "acc": -0.09959753602743149, "raw_alt": 0.0639190673828125, "raw_acc": [-0.12928688526153564, 0.7326257228851318, 9.63187313079834], "lat": 0.0, "lon": 0.0, "apogee": 0.0, "temp": 34.01, "batt_v": 7.381, "phase": "Idle"}
{"millis": 25623, "alt": -0.06882700324058533, "vel": -0.08450375497341156, "acc": -0.026186669245362282, "raw_alt": 0.162200927734375, "raw_acc": [-0.21547815203666687, 0.15801730751991272, 9.57441234588623], "lat": 0.0, "lon": 0.0, "apogee": 0.0, "temp": 34.01, "batt_v": 7.394, "phase": "Idle"}
{"millis": 25823, "alt": -0.06348542869091034, "vel": -0.07514871656894684, "acc": -0.02210458554327488, "raw_alt": -0.218292236328125, "raw_acc": [-0.5961562395095825, 0.44532153010368347, 9.75397777557373], "lat": 0.0, "lon": 0.0, "apogee": 0.0, "temp": 34.02, "batt_v": 7.362, "phase": "Idle"}
{"millis": 26023, "alt": -0.07391680777072906, "vel": -0.1194273829460144, "acc": -0.14354267716407776, "raw_alt": 0.0115814208984375, "raw_acc": [-0.0071826050989329815, 0.24420857429504395, 9.265560150146484], "lat": 0.0, "lon": 0.0, "apogee": 0.0, "temp": 34.02, "batt_v": 7.378, "phase": "Idle"}
{"millis": 26223, "alt": -0.04728705435991287, "vel": -0.06682056188583374, "acc": -0.0037131085991859436, "raw_alt": 0.0247955322265625, "raw_acc": [0.23702596127986908, 0.47405192255973816, 10.249577522277832], "lat": 0.0, "lon": 0.0, "apogee": 0.0, "temp": 34.02, "batt_v": 7.362, "phase": "Idle"}
{"millis": 26423, "alt": -0.05560271814465523, "vel": -0.035882618278265, "acc": 0.08425503969192505, "raw_alt": -0.099395751953125, "raw_acc": [0.6392518281936646, 0.15801730751991272, 10.307038307189941], "lat": 0.0, "lon": 0.0, "apogee": 0.0, "temp": 34.02, "batt_v": 7.41, "phase": "Idle"}
{"millis": 26623, "alt": -0.05405282601714134, "vel": -0.003845818806439638, "acc": 0.11972875148057938, "raw_alt": -0.2141876220703125, "raw_acc": [0.8978256583213806, 0.31603461503982544, 9.96945571899414], "lat": 0.0, "lon": 0.0, "apogee": 0.0, "temp": 34.03, "batt_v": 7.381, "phase": "Idle"}
{"millis": 26823, "alt": -0.05404645949602127, "vel": 0.022854072973132133, "acc": 0.12272248417139053, "raw_alt": 0.0606231689453125, "raw_acc": [0.790086567401886, 0.3734954595565796, 9.588777542114258], "lat": 0.0, "lon": 0.0, "apogee": 0.0, "temp": 34.03, "batt_v": 7.375, "phase": "Idle"}
{"millis": 27023, "alt": -0.041812215000391006, "vel": 0.07238171249628067, "acc": 0.1768082231283188, "raw_alt": -0.039794921875, "raw_acc": [0.7038952708244324, 0.7469909191131592, 9.761159896850586], "lat": 0.0, "lon": 0.0, "apogee": 0.0, "temp": 34.03, "batt_v": 7.384, "phase": "Idle"}
{"millis": 27223, "alt": -0.05923790484666824, "vel": 0.045629315078258514, "acc": 0.048312634229660034, "raw_alt": -0.063568115234375, "raw_acc": [0.45250412821769714, 0.2585737705230713, 8.927978515625], "lat": 0.0, "lon": 0.0, "apogee": 0.0, "temp": 34.04, "batt_v": 7.375, "phase": "Idle"}
{"millis": 27423, "alt": -0.03733058273792267, "vel": 0.08281857520341873, "acc": 0.10140280425548553, "raw_alt": -0.15869140625, "raw_acc": [0.05746084079146385, 0.2082955539226532, 9.797073364257812], "lat": 0.0, "lon": 0.0, "apogee": 0.0, "temp": 34.05, "batt_v": 7.365, "phase": "Idle"}
{"millis": 27623, "alt": -0.06735648214817047, "vel": 0.04259954020380974, "acc": 0.010783866047859192, "raw_alt": -0.088653564453125, "raw_acc": [0.8044517636299133, 0.5961562395095825, 9.344569206237793], "lat": 0.0, "lon": 0.0, "apogee": 0.0, "temp": 34.05, "batt_v": 7.384, "phase": "Idle"}
{"millis": 27823, "alt": -0.054899703711271286, "vel": 0.09681171178817749, "acc": 0.13571898639202118, "raw_alt": -0.10186767578125, "raw_acc": [0.2513911724090576, 0.3663128614425659, 9.804255485534668], "lat": 0.0, "lon": 0.0, "apogee": 0.0, "temp": 34.06, "batt_v": 7.378, "phase": "Idle"}
{"millis": 28023, "alt": -0.04042564332485199, "vel": 0.07534368336200714, "acc": 0.036294084042310715, "raw_alt": 0.0540313720703125, "raw_acc": [0.31603461503982544, 0.8403648138046265, 10.192116737365723], "lat": 0.0, "lon": 0.0, "apogee": 0.0, "temp": 34.05, "batt_v": 7.384, "phase": "Idle"}
{"millis": 28223, "alt": 0.07421296834945679, "vel": 0.3578830063343048, "acc": 0.6778542995452881, "raw_alt": -0.006744384765625, "raw_acc": [1.400607943534851, 0.19393034279346466, 13.287819862365723], "lat": 0.0, "lon": 0.0, "apogee": 0.0, "temp": 34.05, "batt_v": 7.388, "phase": "Idle"}
{"millis": 28423, "alt": 0.202036052942276, "vel": 0.6017139554023743, "acc": 0.8671729564666748, "raw_alt": 0.075164794921875, "raw_acc": [1.0199298858642578, -1.889025092124939, 9.703699111938477], "lat": 0.0, "lon": 0.0, "apogee": 0.0, "temp": 34.03, "batt_v": 7.4, "phase": "Idle"}
{"millis": 28623, "alt": 0.3053998053073883, "vel": 0.5689050555229187, "acc": 0.35523179173469543, "raw_alt": 0.4024658203125, "raw_acc": [0.2298433631658554, -0.9409212470054626, 8.927978515625], "lat": 0.0, "lon": 0.0, "apogee": 0.0, "temp": 34.0, "batt_v": 7.391, "phase": "Idle"}
{"millis": 28823, "alt": 0.4228968322277069, "vel": 0.7042447328567505, "acc": 0.49761053919792175, "raw_alt": 0.2465667724609375, "raw_acc": [1.2210428714752197, 0.6033388376235962, 9.330204010009766], "lat": 0.0, "lon": 0.0, "apogee": 0.0, "temp": 33.97, "batt_v": 7.403, "phase": "Idle"}
{"millis": 29023, "alt": 0.4784453809261322, "vel": 0.6570720672607422, "acc": 0.2652428150177002, "raw_alt": 0.1910858154296875, "raw_acc": [0.21547815203666687, 0.3519476354122162, 9.854534149169922], "lat": 0.0, "lon": 0.0, "apogee": 0.0, "temp": 33.97, "batt_v": 7.296, "phase": "Idle"}
{"millis": 29223, "alt": 0.5211938619613647, "vel": 0.5494796633720398, "acc": -0.007394224405288696, "raw_alt": 0.38397216796875, "raw_acc": [0.6033388376235962, 0.40222588181495667, 9.509769439697266], "lat": 0.0, "lon": 0.0, "apogee": 0.0, "temp": 33.97, "batt_v": 7.343, "phase": "Idle"}
{"millis": 29423, "alt": 0.616936206817627, "vel": 0.5986708402633667, "acc": 0.15347573161125183, "raw_alt": 0.50286865234375, "raw_acc": [0.5674257874488831, 0.7110779285430908, 10.235212326049805], "lat": 0.0, "lon": 0.0, "apogee": 0.0, "temp": 33.97, "batt_v": 7.397, "phase": "Idle"}
{"millis": 29623, "alt": 0.690375566482544, "vel": 0.590129017829895, "acc": 0.11965011060237885, "raw_alt": 0.389923095703125, "raw_acc": [0.3519476354122162, 0.4884171485900879, 9.976638793945312], "lat": 0.0, "lon": 0.0, "apogee": 0.0, "temp": 33.98, "batt_v": 7.432, "phase": "Idle"}
{"millis": 29823, "alt": 0.7068988084793091, "vel": 0.42993825674057007, "acc": -0.20313134789466858, "raw_alt": 0.5511016845703125, "raw_acc": [0.19393034279346466, 0.8188169598579407, 9.552865028381348], "lat": 0.0, "lon": 0.0, "apogee": 0.0, "temp": 33.97, "batt_v": 7.391, "phase": "Idle"}
{"millis": 30023, "alt": 0.7059264183044434, "vel": 0.2483382374048233, "acc": -0.44837474822998047, "raw_alt": 0.59600830078125, "raw_acc": [0.08619125932455063, 1.0630255937576294, 9.287108421325684], "lat": 0.0, "lon": 0.0, "apogee": 0.0, "temp": 33.96, "batt_v": 7.394, "phase": "Idle"}
{"millis": 30223, "alt": 0.6619846224784851, "vel": 0.05059744790196419, "acc": -0.5947427749633789, "raw_alt": 0.345001220703125, "raw_acc": [-0.15801730751991272, 1.213860273361206, 9.459490776062012], "lat": 0.0, "lon": 0.0, "apogee": 0.0, "temp": 33.97, "batt_v": 7.378, "phase": "Idle"}
{"millis": 30423, "alt": 0.6012393236160278, "vel": -0.11895544826984406, "acc": -0.6318236589431763, "raw_alt": 0.47711181640625, "raw_acc": [-0.15083470940589905, 1.4221558570861816, 9.509769439697266], "lat": 0.0, "lon": 0.0, "apogee": 0.0, "temp": 33.98, "batt_v": 7.388, "phase": "Idle"}
{"millis": 30623, "alt": 0.527873694896698, "vel": -0.2547958195209503, "acc": -0.5908942222595215, "raw_alt": 0.387115478515625, "raw_acc": [-0.14365209639072418, 1.3215993642807007, 9.516951560974121], "lat": 0.0, "lon": 0.0, "apogee": 0.0, "temp": 33.98, "batt_v": 7.407, "phase": "Idle"}
{"millis": 30823, "alt": 0.45699793100357056, "vel": -0.32819780707359314, "acc": -0.45916590094566345, "raw_alt": 0.4795989990234375, "raw_acc": [-0.21547815203666687, 1.2497732639312744, 9.59596061706543], "lat": 0.0, "lon": 0.0, "apogee": 0.0, "temp": 33.98, "batt_v": 7.397, "phase": "Idle"}
{"millis": 31023, "alt": 0.38966265320777893, "vel": -0.4057682156562805, "acc": -0.43962153792381287, "raw_alt": 0.3791961669921875, "raw_acc": [-0.33758243918418884, 1.4221558570861816, 9.251194953918457], "lat": 0.0, "lon": 0.0, "apogee": 0.0, "temp": 33.99, "batt_v": 7.391, "phase": "Idle"}
{"millis": 31223, "alt": 0.2965576946735382, "vel": -0.49928227066993713, "acc": -0.44488996267318726, "raw_alt": 0.3078460693359375, "raw_acc": [-0.21547815203666687, 1.4437036514282227, 9.552865028381348], "lat": 0.0, "lon": 0.0, "apogee": 0.0, "temp": 33.99, "batt_v": 7.429, "phase": "Idle"}
{"millis": 31423, "alt": 0.2396421581506729, "vel": -0.507418155670166, "acc": -0.3107590675354004, "raw_alt": 0.3607025146484375, "raw_acc": [-0.3734954595565796, 1.601720929145813, 9.81143856048584], "lat": 0.0, "lon": 0.0, "apogee": 0.0, "temp": 34.0, "batt_v": 7.407, "phase": "Idle"}
{"millis": 31623, "alt": 0.1611955314874649, "vel": -0.5132942199707031, "acc": -0.2031841278076172, "raw_alt": 0.101715087890625, "raw_acc": [-0.395043283700943, 1.7597382068634033, 9.502586364746094], "lat": 0.0, "lon": 0.0, "apogee": 0.0, "temp": 34.01, "batt_v": 7.394, "phase": "Idle"}
{"millis": 31823, "alt": 0.03972865641117096, "vel": -0.5290814638137817, "acc": -0.11392770707607269, "raw_alt": 0.064727783203125, "raw_acc": [-0.5602431893348694, 1.6735470294952393, 9.41639518737793], "lat": 0.0, "lon": 0.0, "apogee": 0.0, "temp": 34.01, "batt_v": 7.413, "phase": "Idle"}
{"millis": 32023, "alt": -0.017707543447613716, "vel": -0.48319053649902344, "acc": -0.007881246507167816, "raw_alt": 0.1360626220703125, "raw_acc": [-0.4596867263317108, 1.766920804977417, 9.746794700622559], "lat": 0.0, "lon": 0.0, "apogee": 0.0, "temp": 34.0, "batt_v": 7.413, "phase": "Idle"}
{"millis": 32223, "alt": -0.03840836510062218, "vel": -0.41612011194229126, "acc": 0.044301483780145645, "raw_alt": 0.210052490234375, "raw_acc": [-0.40222588181495667, 1.723825216293335, 9.366117477416992], "lat": 0.0, "lon": 0.0, "apogee": 0.0, "temp": 34.01, "batt_v": 7.388, "phase": "Idle"}
{"millis": 32423, "alt": -0.04006923362612724, "vel": -0.33582764863967896, "acc": 0.10165683925151825, "raw_alt": 0.19683837890625, "raw_acc": [-0.5027823448181152, 1.6304513216018677, 9.603142738342285], "lat": 0.0, "lon": 0.0, "apogee": 0.0, "temp": 34.0, "batt_v": 7.4, "phase": "Idle"}
{"millis": 32623, "alt": -0.05441674962639809, "vel": -0.2676697373390198, "acc": 0.14559562504291534, "raw_alt": -0.0443115234375, "raw_acc": [-0.7326257228851318, 1.4077905416488647, 9.725247383117676], "lat": 0.0, "lon": 0.0, "apogee": 0.0, "temp": 34.01, "batt_v": 7.454, "phase": "Idle"}
{"millis": 32823, "alt": -0.09636548161506653, "vel": -0.2543164789676666, "acc": 0.08287966251373291, "raw_alt": -0.02581787109375, "raw_acc": [-0.7398083209991455, 1.6304513216018677, 9.330204010009766], "lat": 0.0, "lon": 0.0, "apogee": 0.0, "temp": 34.02, "batt_v": 7.422, "phase": "Idle"}
{"millis": 33023, "alt": -0.14737997949123383, "vel": -0.25100499391555786, "acc": 0.04508289694786072, "raw_alt": -0.094512939453125, "raw_acc": [-0.4884171485900879, 1.2425906658172607, 9.437943458557129], "lat": 0.0, "lon": 0.0, "apogee": 0.0, "temp": 34.02, "batt_v": 7.422, "phase": "Idle"}
{"millis": 33223, "alt": -0.19269734621047974, "vel": -0.2612791657447815, "acc": -0.02661614865064621, "raw_alt": -0.2451324462890625, "raw_acc": [-1.4508862495422363, 1.0199298858642578, 8.956708908081055], "lat": 0.0, "lon": 0.0, "apogee": 0.0, "temp": 34.02, "batt_v": 7.4, "phase": "Idle"}
{"millis": 33423, "alt": -0.2644779682159424, "vel": -0.3387567400932312, "acc": -0.1918991506099701, "raw_alt": -0.3270416259765625, "raw_acc": [-1.723825216293335, 0.2944868206977844, 8.978256225585938], "lat": 0.0, "lon": 0.0, "apogee": 0.0, "temp": 34.02, "batt_v": 7.41, "phase": "Idle"}
{"millis": 33623, "alt": -0.3021831810474396, "vel": -0.3113386332988739, "acc": -0.061682648956775665, "raw_alt": -0.2139892578125, "raw_acc": [-1.1635819673538208, 0.021547814831137657, 10.077195167541504], "lat": 0.0, "lon": 0.0, "apogee": 0.0, "temp": 34.02, "batt_v": 7.397, "phase": "Idle"}
{"millis": 33823, "alt": -0.315704345703125, "vel": -0.16706165671348572, "acc": 0.2839030623435974, "raw_alt": -0.417449951171875, "raw_acc": [-0.7398083209991455, -0.7541735172271729, 10.666168212890625], "lat": 0.0, "lon": 0.0, "apogee": 0.0, "temp": 34.02, "batt_v": 7.4, "phase": "Idle"}
{"millis": 34023, "alt": -0.3302059471607208, "vel": -0.11472685635089874, "acc": 0.2390197068452835, "raw_alt": -0.2060699462890625, "raw_acc": [-0.933738648891449, 0.0071826050989329815, 9.524134635925293], "lat": 0.0, "lon": 0.0, "apogee": 0.0, "temp": 34.0, "batt_v": 7.381, "phase": "Idle"}
{"millis": 34223, "alt": -0.3297163248062134, "vel": -0.06567472964525223, "acc": 0.2172250896692276, "raw_alt": -0.317047119140625, "raw_acc": [-0.15083470940589905, 0.20111294090747833, 10.062829971313477], "lat": 0.0, "lon": 0.0, "apogee": 0.0, "temp": 33.96, "batt_v": 7.422, "phase": "Idle"}
{"millis": 34423, "alt": -0.3743065297603607, "vel": -0.01710660755634308, "acc": 0.2907126843929291, "raw_alt": -0.44915771484375, "raw_acc": [-0.06464344263076782, 0.8044517636299133, 10.120290756225586], "lat": 0.0, "lon": 0.0, "apogee": 0.0, "temp": 33.96, "batt_v": 7.391, "phase": "Idle"}
{"millis": 34623, "alt": -0.4182010293006897, "vel": -0.01789960078895092, "acc": 0.2200813591480255, "raw_alt": -0.3305206298828125, "raw_acc": [0.0, 0.0933738648891449, 10.091560363769531], "lat": 0.0, "lon": 0.0, "apogee": 0.0, "temp": 33.96, "batt_v": 7.413, "phase": "Idle"}
{"millis": 34823, "alt": -0.38843750953674316, "vel": 0.07842976599931717, "acc": 0.31428444385528564, "raw_alt": -0.4177093505859375, "raw_acc": [0.35913026332855225, -0.014365210197865963, 10.070012092590332], "lat": 0.0, "lon": 0.0, "apogee": 0.0, "temp": 33.95, "batt_v": 7.429, "phase": "Idle"}
{"millis": 35023, "alt": -0.372761070728302, "vel": 0.1735512912273407, "acc": 0.4101753234863281, "raw_alt": -0.54718017578125, "raw_acc": [0.8331822156906128, -1.1635819673538208, 9.983820915222168], "lat": 0.0, "lon": 0.0, "apogee": 0.0, "temp": 33.93, "batt_v": 7.397, "phase": "Idle"}
{"millis": 35223, "alt": -0.36008864641189575, "vel": 0.256602942943573, "acc": 0.4772321581840515, "raw_alt": -0.478485107421875, "raw_acc": [1.6376339197158813, -0.4884171485900879, 10.472238540649414], "lat": 0.0, "lon": 0.0, "apogee": 0.0, "temp": 33.92, "batt_v": 7.403, "phase": "Idle"}
{"millis": 35423, "alt": -0.31774628162384033, "vel": 0.35708510875701904, "acc": 0.5116462707519531, "raw_alt": -0.404510498046875, "raw_acc": [1.9393033981323242, -0.22266076505184174, 9.667786598205566], "lat": 0.0, "lon": 0.0, "apogee": 0.0, "temp": 33.91, "batt_v": 7.4, "phase": "Idle"}
{"millis": 35623, "alt": -0.24855895340442657, "vel": 0.40524423122406006, "acc": 0.36899107694625854, "raw_alt": -0.2284698486328125, "raw_acc": [1.8387469053268433, 0.5386953949928284, 9.445125579833984], "lat": 0.0, "lon": 0.0, "apogee": 0.0, "temp": 33.89, "batt_v": 7.422, "phase": "Idle"}
{"millis": 35823, "alt": -0.22939637303352356, "vel": 0.3511506915092468, "acc": 0.15014564990997314, "raw_alt": -0.413421630859375, "raw_acc": [2.1475989818573, -0.4884171485900879, 9.897629737854004], "lat": 0.0, "lon": 0.0, "apogee": 0.0, "temp": 33.91, "batt_v": 7.391, "phase": "Idle"}
{"millis": 36023, "alt": -0.2090989649295807, "vel": 0.23051148653030396, "acc": -0.1841946691274643, "raw_alt": -0.231109619140625, "raw_acc": [1.0055646896362305, -0.5386953949928284, 8.741230010986328], "lat": 0.0, "lon": 0.0, "apogee": 0.0, "temp": 33.93, "batt_v": 7.388, "phase": "Idle"}
{"millis": 36223, "alt": -0.23600564897060394, "vel": 0.14682452380657196, "acc": -0.17034198343753815, "raw_alt": -0.4715576171875, "raw_acc": [1.8315643072128296, 0.043095629662275314, 10.465055465698242], "lat": 0.0, "lon": 0.0, "apogee": 0.0, "temp": 33.97, "batt_v": 7.41, "phase": "Idle"}
{"millis": 36423, "alt": -0.26837438344955444, "vel": 0.06127391755580902, "acc": -0.20311979949474335, "raw_alt": -0.508544921875, "raw_acc": [0.8403648138046265, -0.15801730751991272, 9.983820915222168], "lat": 0.0, "lon": 0.0, "apogee": 0.0, "temp": 33.99, "batt_v": 7.362, "phase": "Idle"}
{"millis": 36623, "alt": -0.2982138395309448, "vel": 0.004632946103811264, "acc": -0.18856699764728546, "raw_alt": -0.3794097900390625, "raw_acc": [0.5602431893348694, -0.21547815203666687, 9.797073364257812], "lat": 0.0, "lon": 0.0, "apogee": 0.0, "temp": 34.02, "batt_v": 7.391, "phase": "Idle"}
{"millis": 36823, "alt": -0.3080468475818634, "vel": -0.044635336846113205, "acc": -0.21200892329216003, "raw_alt": -0.3292083740234375, "raw_acc": [0.3447650372982025, 0.26575639843940735, 9.75397777557373], "lat": 0.0, "lon": 0.0, "apogee": 0.0, "temp": 34.03, "batt_v": 7.397, "phase": "Idle"}
{"millis": 37023, "alt": -0.3330003321170807, "vel": -0.126755490899086, "acc": -0.2940402030944824, "raw_alt": -0.3661956787109375, "raw_acc": [0.272938996553421, -0.043095629662275314, 9.861717224121094], "lat": 0.0, "lon": 0.0, "apogee": 0.0, "temp": 34.05, "batt_v": 7.321, "phase": "Idle"}
{"millis": 37223, "alt": -0.3199135363101959, "vel": -0.17883449792861938, "acc": -0.35003572702407837, "raw_alt": -0.1046142578125, "raw_acc": [0.035913024097681046, -0.45250412821769714, 9.674968719482422], "lat": 0.0, "lon": 0.0, "apogee": 0.0, "temp": 34.05, "batt_v": 7.251, "phase": "Idle"}
{"millis": 37423, "alt": -0.3296283483505249, "vel": -0.23186010122299194, "acc": -0.3527767062187195, "raw_alt": -0.255218505859375, "raw_acc": [-0.15801730751991272, -0.395043283700943, 9.947908401489258], "lat": 0.0, "lon": 0.0, "apogee": 0.0, "temp": 34.05, "batt_v": 7.283, "phase": "Idle"}
{"millis": 37623, "alt": -0.30988240242004395, "vel": -0.22086894512176514, "acc": -0.2490004301071167, "raw_alt": 0.00946044921875, "raw_acc": [-0.3232172429561615, -0.3016694188117981, 9.854534149169922], "lat": 0.0, "lon": 0.0, "apogee": 0.0, "temp": 34.05, "batt_v": 7.274, "phase": "Idle"}
{"millis": 37823, "alt": -0.27522364258766174, "vel": -0.16116181015968323, "acc": -0.0943371132016182, "raw_alt": -0.238922119140625, "raw_acc": [-0.395043283700943, 0.0, 9.818621635437012], "lat": 0.0, "lon": 0.0, "apogee": 0.0, "temp": 34.07, "batt_v": 7.312, "phase": "Idle"}
{"millis": 38023, "alt": -0.2495494931936264, "vel": -0.12847484648227692, "acc": -0.05241396278142929, "raw_alt": 0.0438079833984375, "raw_acc": [-0.5530605912208557, -0.5674257874488831, 9.832986831665039], "lat": 0.0, "lon": 0.0, "apogee": 0.0, "temp": 34.07, "batt_v": 7.391, "phase": "Idle"}
{"millis": 38223, "alt": -0.2006957232952118, "vel": 0.03283962979912758, "acc": 0.29768961668014526, "raw_alt": -0.1781463623046875, "raw_acc": [-0.24420857429504395, -0.5315127968788147, 10.960655212402344], "lat": 0.0, "lon": 0.0, "apogee": 0.0, "temp": 34.09, "batt_v": 7.41, "phase": "Idle"}
{"millis": 38423, "alt": -0.16068576276302338, "vel": 0.128229558467865, "acc": 0.3435875177383423, "raw_alt": -0.1279449462890625, "raw_acc": [-0.1867477297782898, -0.0933738648891449, 10.012551307678223], "lat": 0.0, "lon": 0.0, "apogee": 0.0, "temp": 34.1, "batt_v": 7.378, "phase": "Idle"}
{"millis": 38623, "alt": -0.09259350597858429, "vel": 0.17869846522808075, "acc": 0.2315697818994522, "raw_alt": 0.1574554443359375, "raw_acc": [-0.15801730751991272, -0.35913026332855225, 9.718064308166504], "lat": 0.0, "lon": 0.0, "apogee": 0.0, "temp": 34.09, "batt_v": 7.413, "phase": "Idle"}
{"millis": 38823, "alt": 0.003430591896176338, "vel": 0.24381834268569946, "acc": 0.18785643577575684, "raw_alt": 0.117828369140625, "raw_acc": [-0.10055647045373917, -0.17238251864910126, 9.804255485534668], "lat": 0.0, "lon": 0.0, "apogee": 0.0, "temp": 34.1, "batt_v": 7.365, "phase": "Idle"}
{"millis": 39023, "alt": 0.09891465306282043, "vel": 0.29258906841278076, "acc": 0.14535529911518097, "raw_alt": 0.255218505859375, "raw_acc": [-0.07900865375995636, -0.14365209639072418, 9.804255485534668], "lat": 0.0, "lon": 0.0, "apogee": 0.0, "temp": 34.08, "batt_v": 7.372, "phase": "Idle"}
{"millis": 39223, "alt": 0.20642046630382538, "vel": 0.34058666229248047, "acc": 0.11873282492160797, "raw_alt": 0.308074951171875, "raw_acc": [-0.07900865375995636, -0.17238251864910126, 9.797073364257812], "lat": 0.0, "lon": 0.0, "apogee": 0.0, "temp": 34.07, "batt_v": 7.375, "phase": "Idle"}
{"millis": 39423, "alt": 0.244095116853714, "vel": 0.33211749792099, "acc": 0.08725046366453171, "raw_alt": 0.0623321533203125, "raw_acc": [-0.0933738648891449, -0.15083470940589905, 9.81143856048584], "lat": 0.0, "lon": 0.0, "apogee": 0.0, "temp": 34.08, "batt_v": 7.403, "phase": "Idle"}
{"millis": 39623, "alt": 0.2921258509159088, "vel": 0.3167339563369751, "acc": 0.028177008032798767, "raw_alt": 0.22113037109375, "raw_acc": [-0.07900865375995636, -0.16519992053508759, 9.825803756713867], "lat": 0.0, "lon": 0.0, "apogee": 0.0, "temp": 34.08, "batt_v": 7.381, "phase": "Idle"}
{"millis": 39823, "alt": 0.32353833317756653, "vel": 0.2674439251422882, "acc": -0.06615406274795532, "raw_alt": 0.29510498046875, "raw_acc": [-0.08619125932455063, -0.15801730751991272, 9.804255485534668], "lat": 0.0, "lon": 0.0, "apogee": 0.0, "temp": 34.09, "batt_v": 7.381, "phase": "Idle"}
{"millis": 40023, "alt": 0.31419849395751953, "vel": 0.19085726141929626, "acc": -0.13364630937576294, "raw_alt": 0.04937744140625, "raw_acc": [-0.08619125932455063, -0.16519992053508759, 9.78989028930664], "lat": 0.0, "lon": 0.0, "apogee": 0.0, "temp": 34.1, "batt_v": 7.403, "phase": "Idle"}
{"millis": 40223, "alt": 0.31732475757598877, "vel": 0.12804146111011505, "acc": -0.17562447488307953, "raw_alt": 0.0969390869140625, "raw_acc": [-0.08619125932455063, -0.15083470940589905, 9.78989028930664], "lat": 0.0, "lon": 0.0, "apogee": 0.0, "temp": 34.1, "batt_v": 7.394, "phase": "Idle"}
{"millis": 40423, "alt": 0.3273046612739563, "vel": 0.07810638099908829, "acc": -0.1948864907026291, "raw_alt": 0.25811767578125, "raw_acc": [-0.07900865375995636, -0.15801730751991272, 9.797073364257812], "lat": 0.0, "lon": 0.0, "apogee": 0.0, "temp": 34.09, "batt_v": 7.372, "phase": "Idle"}
{"millis": 40623, "alt": 0.30094870924949646, "vel": 0.02119280770421028, "acc": -0.17589768767356873, "raw_alt": 0.1024932861328125, "raw_acc": [-0.08619125932455063, -0.15801730751991272, 9.78989028930664], "lat": 0.0, "lon": 0.0, "apogee": 0.0, "temp": 34.08, "batt_v": 7.394, "phase": "Idle"}
{"millis": 40823, "alt": 0.2273070514202118, "vel": -0.0448710098862648, "acc": -0.13535617291927338, "raw_alt": 0.0205841064453125, "raw_acc": [-0.07182604819536209, -0.15801730751991272, 9.775525093078613], "lat": 0.0, "lon": 0.0, "apogee": 0.0, "temp": 34.07, "batt_v": 7.144, "phase": "Idle"}
{"millis": 41023, "alt": 0.16880014538764954, "vel": -0.09028667956590652, "acc": -0.10578229278326035, "raw_alt": 0.0390777587890625, "raw_acc": [-0.06464344263076782, -0.17238251864910126, 9.81143856048584], "lat": 0.0, "lon": 0.0, "apogee": 0.0, "temp": 34.05, "batt_v": 7.299, "phase": "Idle"}
{"millis": 41223, "alt": 0.14002324640750885, "vel": -0.1076895147562027, "acc": -0.0798896998167038, "raw_alt": 0.0839996337890625, "raw_acc": [-0.05746084079146385, -0.17238251864910126, 9.825803756713867], "lat": 0.0, "lon": 0.0, "apogee": 0.0, "temp": 34.04, "batt_v": 7.365, "phase": "Idle"}
{"millis": 41423, "alt": 0.10833141207695007, "vel": -0.12032081186771393, "acc": -0.05657000094652176, "raw_alt": 0.0919189453125, "raw_acc": [-0.05746084079146385, -0.15801730751991272, 9.81143856048584], "lat": 0.0, "lon": 0.0, "apogee": 0.0, "temp": 34.03, "batt_v": 7.381, "phase": "Idle"}
{"millis": 41623, "alt": 0.05574328079819679, "vel": -0.14405708014965057, "acc": -0.04343840852379799, "raw_alt": -0.016387939453125, "raw_acc": [-0.06464344263076782, -0.15801730751991272, 9.818621635437012], "lat": 0.0, "lon": 0.0, "apogee": 0.0, "temp": 34.04, "batt_v": 7.384, "phase": "Idle"}
{"millis": 41823, "alt": 0.009815249592065811, "vel": -0.15850797295570374, "acc": -0.03139464929699898, "raw_alt": -0.02960205078125, "raw_acc": [-0.043095629662275314, -0.17238251864910126, 9.81143856048584], "lat": 0.0, "lon": 0.0, "apogee": 0.0, "temp": 34.03, "batt_v": 7.388, "phase": "Idle"}
{"millis": 42023, "alt": -0.0014824301470071077, "vel": -0.14907465875148773, "acc": -0.02308626100420952, "raw_alt": -0.02960205078125, "raw_acc": [-0.05746084079146385, -0.15801730751991272, 9.797073364257812], "lat": 0.0, "lon": 0.0, "apogee": 0.0, "temp": 34.02, "batt_v": 7.394, "phase": "Idle"}
{"millis": 42223, "alt": -0.013312334194779396, "vel": -0.13923805952072144, "acc": -0.015917327255010605, "raw_alt": 0.102508544921875, "raw_acc": [-0.06464344263076782, -0.16519992053508759, 9.775525093078613], "lat": 0.0, "lon": 0.0, "apogee": 0.0, "temp": 34.01, "batt_v": 7.369, "phase": "Idle"}
{"millis": 42423, "alt": -0.034088969230651855, "vel": -0.13597193360328674, "acc": -0.011400573886930943, "raw_alt": 0.002105712890625, "raw_acc": [-0.05746084079146385