{"millis": 260826, "alt": -0.14056217670440674, "vel": 0.11115039139986038, "acc": 0.1165691614151001, "raw_alt": -0.152587890625, "raw_acc": [0.8044517636299133, -0.5961562395095825, 9.825803756713867], "lat": 0.0, "lon": 0.0, "apogee": 0.0, "temp": 35.05, "batt_v": 7.384, "phase": "Idle"}
{"millis": 261026, "alt": -0.1662941575050354, "vel": 0.045408669859170914, "acc": -0.03717615455389023, "raw_alt": -0.2344970703125, "raw_acc": [0.1149216815829277, -0.8834604024887085, 9.725247383117676], "lat": 0.0, "lon": 0.0, "apogee": 0.0, "temp": 35.07, "batt_v": 7.394, "phase": "Idle"}
{"millis": 261226, "alt": -0.16657455265522003, "vel": -0.00349584617651999, "acc": -0.13305270671844482, "raw_alt": -0.08917236328125, "raw_acc": [0.14365209639072418, -1.2856862545013428, 9.646238327026367], "lat": 0.0, "lon": 0.0, "apogee": 0.0, "temp": 35.07, "batt_v": 7.4, "phase": "Idle"}
{"millis": 261426, "alt": -0.12129449099302292, "vel": 0.027694670483469963, "acc": -0.047995008528232574, "raw_alt": -0.001983642578125, "raw_acc": [0.28730419278144836, -1.0055646896362305, 10.292673110961914], "lat": 0.0, "lon": 0.0, "apogee": 0.0, "temp": 35.07, "batt_v": 7.4, "phase": "Idle"}
{"millis": 261626, "alt": -0.14322015643119812, "vel": -0.07828588038682938, "acc": -0.24438227713108063, "raw_alt": 0.057708740234375, "raw_acc": [0.8044517636299133, -1.479616641998291, 9.99100399017334], "lat": 0.0, "lon": 0.0, "apogee": 0.0, "temp": 35.09, "batt_v": 7.394, "phase": "Idle"}
{"millis": 261826, "alt": -0.09682628512382507, "vel": -0.05463743954896927, "acc": -0.15463104844093323, "raw_alt": 0.1052703857421875, "raw_acc": [0.768538773059845, -0.7254431247711182, 10.156203269958496], "lat": 0.0, "lon": 0.0, "apogee": 0.0, "temp": 35.1, "batt_v": 7.4, "phase": "Idle"}
{"millis": 262026, "alt": -0.09166845679283142, "vel": -0.13092464208602905, "acc": -0.31710126996040344, "raw_alt": -0.0400543212890625, "raw_acc": [0.7469909191131592, -0.9193734526634216, 9.129091262817383], "lat": 0.0, "lon": 0.0, "apogee": 0.0, "temp": 35.11, "batt_v": 7.407, "phase": "Idle"}
{"millis": 262226, "alt": -0.12603959441184998, "vel": -0.18325203657150269, "acc": -0.2890264093875885, "raw_alt": -0.0928955078125, "raw_acc": [0.6248866319656372, -0.4596867263317108, 9.639056205749512], "lat": 0.0, "lon": 0.0, "apogee": 0.0, "temp": 35.12, "batt_v": 7.429, "phase": "Idle"}
{"millis": 262426, "alt": -0.1539660543203354, "vel": -0.19564050436019897, "acc": -0.18491166830062866, "raw_alt": -0.19329833984375, "raw_acc": [0.7972691655158997, -0.20111294090747833, 10.163386344909668], "lat": 0.0, "lon": 0.0, "apogee": 0.0, "temp": 35.15, "batt_v": 7.343, "phase": "Idle"}
{"millis": 262626, "alt": -0.19145254790782928, "vel": -0.21971334517002106, "acc": -0.14829882979393005, "raw_alt": -0.1482391357421875, "raw_acc": [0.646434485912323, -0.5099649429321289, 9.854534149169922], "lat": 0.0, "lon": 0.0, "apogee": 0.0, "temp": 35.15, "batt_v": 7.255, "phase": "Idle"}
{"millis": 262826, "alt": -0.2168252021074295, "vel": -0.19049806892871857, "acc": -0.021665126085281372, "raw_alt": -0.2063751220703125, "raw_acc": [0.2585737705230713, -0.646434485912323, 9.911994934082031], "lat": 0.0, "lon": 0.0, "apogee": 0.0, "temp": 35.15, "batt_v": 7.435, "phase": "Idle"}
{"millis": 263026, "alt": -0.20153191685676575, "vel": -0.06920530647039413, "acc": 0.24785210192203522, "raw_alt": -0.2565765380859375, "raw_acc": [0.6033388376235962, -0.6823474764823914, 10.87446403503418], "lat": 0.0, "lon": 0.0, "apogee": 0.0, "temp": 35.14, "batt_v": 7.394, "phase": "Idle"}
{"millis": 263226, "alt": -0.1843603253364563, "vel": 0.11696204543113708, "acc": 0.5703045725822449, "raw_alt": -0.380767822265625, "raw_acc": [0.10055647045373917, -0.7254431247711182, 10.60152530670166], "lat": 0.0, "lon": 0.0, "apogee": 0.0, "temp": 35.17, "batt_v": 7.438, "phase": "Idle"}
{"millis": 263426, "alt": -0.14028814435005188, "vel": 0.2662387490272522, "acc": 0.6807275414466858, "raw_alt": -0.0240631103515625, "raw_acc": [0.3734954595565796, 0.23702596127986908, 11.470620155334473], "lat": 0.0, "lon": 0.0, "apogee": 0.0, "temp": 35.17, "batt_v": 7.432, "phase": "Idle"}
{"millis": 263626, "alt": 0.08057621866464615, "vel": 0.7065682411193848, "acc": 1.220397710800171, "raw_alt": 0.4450836181640625, "raw_acc": [-0.9768342971801758, -0.2944868206977844, 11.1474027633667], "lat": 0.0, "lon": 0.0, "apogee": 0.0, "temp": 35.14, "batt_v": 7.397, "phase": "Idle"}
{"millis": 263826, "alt": 0.19194872677326202, "vel": 0.5176099538803101, "acc": 0.05384063720703125, "raw_alt": 0.5269927978515625, "raw_acc": [-0.21547815203666687, 0.47405192255973816, 5.30076265335083], "lat": 0.0, "lon": 0.0, "apogee": 0.0, "temp": 35.1, "batt_v": 7.426, "phase": "Idle"}
{"millis": 264026, "alt": 0.27878537774086, "vel": 0.16774511337280273, "acc": -0.8605310916900635, "raw_alt": 0.746307373046875, "raw_acc": [-0.9265560507774353, 2.1116859912872314, 8.08043098449707], "lat": 0.0, "lon": 0.0, "apogee": 0.0, "temp": 35.07, "batt_v": 7.397, "phase": "Idle"}
{"millis": 264226, "alt": 0.33056893944740295, "vel": -0.11462515592575073, "acc": -1.2188122272491455, "raw_alt": 0.68817138671875, "raw_acc": [0.272938996553421, 1.8602946996688843, 7.7643961906433105], "lat": 0.0, "lon": 0.0, "apogee": 0.0, "temp": 35.06, "batt_v": 7.407, "phase": "Idle"}
{"millis": 264426, "alt": 0.373916357755661, "vel": -0.23381543159484863, "acc": -1.0233269929885864, "raw_alt": 0.5402069091796875, "raw_acc": [0.05027823522686958, 1.53707754611969, 9.279925346374512], "lat": 0.0, "lon": 0.0, "apogee": 0.0, "temp": 35.07, "batt_v": 7.426, "phase": "Idle"}
{"millis": 264626, "alt": 0.39061325788497925, "vel": -0.23496733605861664, "acc": -0.5808736085891724, "raw_alt": 0.5513916015625, "raw_acc": [0.35913026332855225, -0.5889736413955688, 11.592724800109863], "lat": 0.0, "lon": 0.0, "apogee": 0.0, "temp": 35.07, "batt_v": 7.394, "phase": "Idle"}
{"millis": 264826, "alt": 0.4644787013530731, "vel": -0.05934804677963257, "acc": 0.004043221473693848, "raw_alt": 0.4641876220703125, "raw_acc": [1.4293384552001953, 0.7398083209991455, 11.808202743530273], "lat": 0.0, "lon": 0.0, "apogee": 0.0, "temp": 35.07, "batt_v": 7.429, "phase": "Idle"}
{"millis": 265026, "alt": 0.4752141237258911, "vel": 0.15942224860191345, "acc": 0.5906640887260437, "raw_alt": 0.2184600830078125, "raw_acc": [0.7110779285430908, -0.43095630407333374, 13.057975769042969], "lat": 0.0, "lon": 0.0, "apogee": 0.0, "temp": 35.08, "batt_v": 7.438, "phase": "Idle"}
{"millis": 265226, "alt": 0.5130981206893921, "vel": 0.35362473130226135, "acc": 0.8002045154571533, "raw_alt": 0.2369537353515625, "raw_acc": [0.28730419278144836, -0.8978256583213806, 11.377246856689453], "lat": 0.0, "lon": 0.0, "apogee": 0.0, "temp": 35.06, "batt_v": 7.403, "phase": "Idle"}
{"millis": 265426, "alt": 0.45498335361480713, "vel": 0.2567008435726166, "acc": 0.34210672974586487, "raw_alt": 0.247528076171875, "raw_acc": [-0.3663128614425659, -0.5386953949928284, 9.904812812805176], "lat": 0.0, "lon": 0.0, "apogee": 0.0, "temp": 35.03, "batt_v": 7.413, "phase": "Idle"}
{"millis": 265626, "alt": 0.35518261790275574, "vel": 0.15224282443523407, "acc": 0.18459011614322662, "raw_alt": -0.23260498046875, "raw_acc": [-0.07182604819536209, -0.3663128614425659, 9.947908401489258], "lat": 0.0, "lon": 0.0, "apogee": 0.0, "temp": 35.01, "batt_v": 7.4, "phase": "Idle"}
{"millis": 265826, "alt": 0.265269011259079, "vel": 0.23958653211593628, "acc": 0.5371695756912231, "raw_alt": -0.2537384033203125, "raw_acc": [-0.31603461503982544, -0.7829039692878723, 10.04846477508545], "lat": 0.0, "lon": 0.0, "apogee": 0.0, "temp": 34.99, "batt_v": 7.429, "phase": "Idle"}
{"millis": 266026, "alt": 0.24869515001773834, "vel": 0.3980102837085724, "acc": 0.8021547794342041, "raw_alt": -0.137481689453125, "raw_acc": [-0.12210428714752197, -0.5099649429321289, 9.940725326538086], "lat": 0.0, "lon": 0.0, "apogee": 0.0, "temp": 34.94, "batt_v": 7.413, "phase": "Idle"}
{"millis": 266226, "alt": 0.2186162769794464, "vel": 0.5183903574943542, "acc": 0.909574031829834, "raw_alt": -0.237884521484375, "raw_acc": [-0.2298433631658554, -0.7326257228851318, 9.911994934082031], "lat": 0.0, "lon": 0.0, "apogee": 0.0, "temp": 34.93, "batt_v": 7.394, "phase": "Idle"}
{"millis": 266426, "alt": 0.18594413995742798, "vel": 0.6207239627838135, "acc": 0.9580670595169067, "raw_alt": -0.3250885009765625, "raw_acc": [-0.16519992053508759, -0.7038952708244324, 9.86889934539795], "lat": 0.0, "lon": 0.0, "apogee": 0.0, "temp": 34.95, "batt_v": 7.419, "phase": "Idle"}
{"millis": 266626, "alt": 0.18788202106952667, "vel": 0.6305223107337952, "acc": 0.66065514087677, "raw_alt": -0.1719970703125, "raw_acc": [-0.24420857429504395, -0.7110779285430908, 9.746794700622559], "lat": 0.0, "lon": 0.0, "apogee": 0.0, "temp": 34.96, "batt_v": 7.426, "phase": "Idle"}
{"millis": 266826, "alt": 0.15091225504875183, "vel": 0.4137920141220093, "acc": 0.010502636432647705, "raw_alt": -0.0768890380859375, "raw_acc": [-0.35913026332855225, -0.7469909191131592, 9.746794700622559], "lat": 0.0, "lon": 0.0, "apogee": 0.0, "temp": 34.98, "batt_v": 7.524, "phase": "Idle"}
{"millis": 267026, "alt": 0.09354817867279053, "vel": 0.16224679350852966, "acc": -0.44697701930999756, "raw_alt": -0.1006622314453125, "raw_acc": [-0.30885201692581177, -0.667982280254364, 9.466673851013184], "lat": 0.0, "lon": 0.0, "apogee": 0.0, "temp": 34.98, "batt_v": 7.324, "phase": "Idle"}
{"millis": 267226, "alt": 0.0011310279369354248, "vel": -0.09401873499155045, "acc": -0.7000104188919067, "raw_alt": -0.2539215087890625, "raw_acc": [-0.4884171485900879, -0.7038952708244324, 9.847352027893066], "lat": 0.0, "lon": 0.0, "apogee": 0.0, "temp": 34.98, "batt_v": 7.362, "phase": "Idle"}
{"millis": 267426, "alt": -0.10475322604179382, "vel": -0.32551372051239014, "acc": -0.8263287544250488, "raw_alt": -0.2407073974609375, "raw_acc": [-0.4596867263317108, -0.9193734526634216, 9.746794700622559], "lat": 0.0, "lon": 0.0, "apogee": 0.0, "temp": 34.98, "batt_v": 7.397, "phase": "Idle"}
{"millis": 267626, "alt": -0.22606973350048065, "vel": -0.49835842847824097, "acc": -0.7632459402084351, "raw_alt": -0.360107421875, "raw_acc": [-0.4165911078453064, -0.8619126081466675, 9.78989028930664], "lat": 0.0, "lon": 0.0, "apogee": 0.0, "temp": 35.0, "batt_v": 7.4, "phase": "Idle"}
{"millis": 267826, "alt": -0.33339759707450867, "vel": -0.576891303062439, "acc": -0.5715455412864685, "raw_alt": -0.2544097900390625, "raw_acc": [-0.42377370595932007, -0.8906430602073669, 9.81143856048584], "lat": 0.0, "lon": 0.0, "apogee": 0.0, "temp": 35.01, "batt_v": 7.403, "phase": "Idle"}
{"millis": 268026, "alt": -0.44691556692123413, "vel": -0.6246225237846375, "acc": -0.41026026010513306, "raw_alt": -0.3970947265625, "raw_acc": [-0.49559974670410156, -0.7541735172271729, 9.897629737854004], "lat": 0.0, "lon": 0.0, "apogee": 0.0, "temp": 35.04, "batt_v": 7.407, "phase": "Idle"}
{"millis": 268226, "alt": -0.573617160320282, "vel": -0.6703285574913025, "acc": -0.32349684834480286, "raw_alt": -0.547698974609375, "raw_acc": [-0.5386953949928284, -0.9409212470054626, 9.703699111938477], "lat": 0.0, "lon": 0.0, "apogee": 0.0, "temp": 35.05, "batt_v": 7.4, "phase": "Idle"}
{"millis": 268426, "alt": -0.6531030535697937, "vel": -0.6747961044311523, "acc": -0.2646979093551636, "raw_alt": -0.3072509765625, "raw_acc": [-0.47405192255973816, -0.7469909191131592, 9.718064308166504], "lat": 0.0, "lon": 0.0, "apogee": 0.0, "temp": 35.06, "batt_v": 7.394, "phase": "Idle"}
{"millis": 268626, "alt": -0.6347588896751404, "vel": -0.5981601476669312, "acc": -0.178658127784729, "raw_alt": -0.0519561767578125, "raw_acc": [-0.40940847992897034, -0.7613561153411865, 9.75397777557373], "lat": 0.0, "lon": 0.0, "apogee": 0.0, "temp": 35.05, "batt_v": 7.403, "phase": "Idle"}
{"millis": 268826, "alt": -0.635158121585846, "vel": -0.5185835957527161, "acc": -0.0721590667963028, "raw_alt": -0.302978515625, "raw_acc": [-0.5602431893348694, -0.8834604024887085, 9.832986831665039], "lat": 0.0, "lon": 0.0, "apogee": 0.0, "temp": 35.07, "batt_v": 7.403, "phase": "Idle"}
{"millis": 269026, "alt": -0.6604283452033997, "vel": -0.45509007573127747, "acc": 0.002193896099925041, "raw_alt": -0.509063720703125, "raw_acc": [-0.4165911078453064, -0.8403648138046265, 9.775525093078613], "lat": 0.0, "lon": 0.0, "apogee": 0.0, "temp": 35.09, "batt_v": 7.422, "phase": "Idle"}
{"millis": 269226, "alt": -0.675296425819397, "vel": -0.3985411524772644, "acc": 0.02856772392988205, "raw_alt": -0.53021240234375, "raw_acc": [-0.6248866319656372, -1.0271124839782715, 9.832986831665039], "lat": 0.0, "lon": 0.0, "apogee": 0.0, "temp": 35.11, "batt_v": 7.397, "phase": "Idle"}
{"millis": 269426, "alt": -0.6431905031204224, "vel": -0.30658620595932007, "acc": 0.07511425763368607, "raw_alt": -0.27655029296875, "raw_acc": [-0.5530605912208557, -0.8906430602073669, 9.876082420349121], "lat": 0.0, "lon": 0.0, "apogee": 0.0, "temp": 35.11, "batt_v": 7.4, "phase": "Idle"}
{"millis": 269626, "alt": -0.5416873693466187, "vel": -0.18247807025909424, "acc": 0.10144318640232086, "raw_alt": 0.1050567626953125, "raw_acc": [-0.6033388376235962, -1.0055646896362305, 9.890447616577148], "lat": 0.0, "lon": 0.0, "apogee": 0.0, "temp": 35.1, "batt_v": 7.381, "phase": "Idle"}
{"millis": 269826, "alt": -0.372209757566452, "vel": -0.019344456493854523, "acc": 0.14271263778209686, "raw_alt": 0.216033935546875, "raw_acc": [-0.5889736413955688, -1.0845733880996704, 9.746794700622559], "lat": 0.0, "lon": 0.0, "apogee": 0.0, "temp": 35.08, "batt_v": 7.403, "phase": "Idle"}
{"millis": 270026, "alt": -0.221716970205307, "vel": 0.11362674087285995, "acc": 0.16918958723545074, "raw_alt": 0.23980712890625, "raw_acc": [-0.667982280254364, -0.9840168952941895, 9.818621635437012], "lat": 0.0, "lon": 0.0, "apogee": 0.0, "temp": 35.07, "batt_v": 7.4, "phase": "Idle"}
{"millis": 270226, "alt": -0.11459014564752579, "vel": 0.1852220892906189, "acc": 0.1377958059310913, "raw_alt": 0.139404296875, "raw_acc": [-0.6536170840263367, -1.0773907899856567, 9.832986831665039], "lat": 0.0, "lon": 0.0, "apogee": 0.0, "temp": 35.06, "batt_v": 7.41, "phase": "Idle"}
{"millis": 270426, "alt": 0.04102194309234619, "vel": 0.4380829632282257, "acc": 0.5940909385681152, "raw_alt": 0.12091064453125, "raw_acc": [-0.8547300100326538, -1.2713210582733154, 12.246341705322266], "lat": 0.0, "lon": 0.0, "apogee": 0.0, "temp": 35.05, "batt_v": 7.394, "phase": "Idle"}
{"millis": 270626, "alt": 0.34096434712409973, "vel": 1.1009291410446167, "acc": 1.742795705795288, "raw_alt": 0.2343902587890625, "raw_acc": [0.05746084079146385, 0.12928688526153564, 13.833697319030762], "lat": 0.0, "lon": 0.0, "apogee": 0.0, "temp": 35.04, "batt_v": 7.403, "phase": "Idle"}
{"millis": 270826, "alt": 0.658113956451416, "vel": 1.6485604047775269, "acc": 2.1233632564544678, "raw_alt": 0.5673065185546875, "raw_acc": [-0.10055647045373917, 0.2082955539226532, 10.975020408630371], "lat": 0.0, "lon": 0.0, "apogee": 0.0, "temp": 35.02, "batt_v": 7.207, "phase": "Idle"}
{"millis": 271026, "alt": 0.8371192216873169, "vel": 1.5128469467163086, "acc": 0.8856766223907471, "raw_alt": 0.699432373046875, "raw_acc": [-0.6105214357376099, 1.3862427473068237, 7.182605266571045], "lat": 0.0, "lon": 0.0, "apogee": 0.0, "temp": 35.0, "batt_v": 7.403, "phase": "Idle"}
{"millis": 271226, "alt": 0.974371612071991, "vel": 1.2263661623001099, "acc": -0.0625767707824707, "raw_alt": 0.9213714599609375, "raw_acc": [-0.8259995579719543, 2.011129379272461, 7.972691535949707], "lat": 0.0, "lon": 0.0, "apogee": 0.0, "temp": 34.98, "batt_v": 7.4, "phase": "Idle"}
{"millis": 271426, "alt": 1.0860999822616577, "vel": 0.9144613742828369, "acc": -0.6430380940437317, "raw_alt": 0.9028778076171875, "raw_acc": [0.3016694188117981, 3.045424461364746, 7.943961143493652], "lat": 0.0, "lon": 0.0, "apogee": 0.0, "temp": 34.99, "batt_v": 7.4, "phase": "Idle"}
{"millis": 271626, "alt": 1.1889333724975586, "vel": 0.7722139358520508, "acc": -0.5674680471420288, "raw_alt": 0.825042724609375, "raw_acc": [0.5746083855628967, 2.829946517944336, 9.57441234588623], "lat": 0.0, "lon": 0.0, "apogee": 0.0, "temp": 34.99, "batt_v": 7.413, "phase": "Idle"}
{"millis": 271826, "alt": 1.2045910358428955, "vel": 0.5957481265068054, "acc": -0.522055447101593, "raw_alt": 