{"millis": 112823, "alt": 0.01437829528003931, "vel": 0.010723237879574299, "acc": 0.0008650235831737518, "raw_alt": -0.0576629638671875, "raw_acc": [-0.3232172429561615, 0.3232172429561615, 9.78989028930664], "lat": 0.0, "lon": 0.0, "apogee": 0.0, "temp": 34.51, "batt_v": 7.419, "phase": "Idle"}
{"millis": 113023, "alt": 0.01036314107477665, "vel": 0.005958718713372946, "acc": -0.0015439321286976337, "raw_alt": -0.036529541015625, "raw_acc": [-0.3447650372982025, 0.31603461503982544, 9.804255485534668], "lat": 0.0, "lon": 0.0, "apogee": 0.0, "temp": 34.51, "batt_v": 7.388, "phase": "Idle"}
{"millis": 113223, "alt": 0.02196153812110424, "vel": 0.011695515364408493, "acc": -0.002274146769195795, "raw_alt": 0.0004730224609375, "raw_acc": [-0.3447650372982025, 0.30885201692581177, 9.78989028930664], "lat": 0.0, "lon": 0.0, "apogee": 0.0, "temp": 34.52, "batt_v": 7.388, "phase": "Idle"}
{"millis": 113423, "alt": 0.0027738623321056366, "vel": -0.0027043716982007027, "acc": -0.0036867237649858, "raw_alt": -0.0761566162109375, "raw_acc": [-0.33039984107017517, 0.30885201692581177, 9.804255485534668], "lat": 0.0, "lon": 0.0, "apogee": 0.0, "temp": 34.52, "batt_v": 7.394, "phase": "Idle"}
{"millis": 113623, "alt": 0.011116750538349152, "vel": 0.0029009925201535225, "acc": -0.00234824325889349, "raw_alt": 0.1376800537109375, "raw_acc": [-0.35913026332855225, 0.31603461503982544, 9.78989028930664], "lat": 0.0, "lon": 0.0, "apogee": 0.0, "temp": 34.51, "batt_v": 7.432, "phase": "Idle"}
{"millis": 113823, "alt": 0.00684684794396162, "vel": -0.0012637637555599213, "acc": -0.003433345817029476, "raw_alt": -0.0578460693359375, "raw_acc": [-0.38067805767059326, 0.31603461503982544, 9.804255485534668], "lat": 0.0, "lon": 0.0, "apogee": 0.0, "temp": 34.52, "batt_v": 7.381, "phase": "Idle"}
{"millis": 114023, "alt": 0.0017498756060376763, "vel": -0.005306593608111143, "acc": -0.004596589598804712, "raw_alt": 0.0055694580078125, "raw_acc": [-0.38067805767059326, 0.31603461503982544, 9.78989028930664], "lat": 0.0, "lon": 0.0, "apogee": 0.0, "temp": 34.52, "batt_v": 7.4, "phase": "Idle"}
{"millis": 114223, "alt": -0.010544716380536556, "vel": -0.014738139696419239, "acc": -0.00944259949028492, "raw_alt": -0.0631256103515625, "raw_acc": [-0.3519476354122162, 0.3016694188117981, 9.761159896850586], "lat": 0.0, "lon": 0.0, "apogee": 0.0, "temp": 34.52, "batt_v": 7.381, "phase": "Idle"}
{"millis": 114423, "alt": -0.028436103835701942, "vel": -0.026407133787870407, "acc": -0.01177756767719984, "raw_alt": 0.0108489990234375, "raw_acc": [-0.38067805767059326, 0.3232172429561615, 9.782708168029785], "lat": 0.0, "lon": 0.0, "apogee": 0.0, "temp": 34.52, "batt_v": 7.426, "phase": "Idle"}
{"millis": 114623, "alt": -0.03332606703042984, "vel": -0.027544859796762466, "acc": -0.01015691552311182, "raw_alt": 0.126617431640625, "raw_acc": [-0.3447650372982025, 0.31603461503982544, 9.804255485534668], "lat": 0.0, "lon": 0.0, "apogee": 0.0, "temp": 34.52, "batt_v": 7.388, "phase": "Idle"}
{"millis": 114823, "alt": -0.05070037394762039, "vel": -0.037760671228170395, "acc": -0.013003005646169186, "raw_alt": -0.037200927734375, "raw_acc": [-0.3519476354122162, 0.33039984107017517, 9.782708168029785], "lat": 0.0, "lon": 0.0, "apogee": 0.0, "temp": 34.52, "batt_v": 7.403, "phase": "Idle"}
{"millis": 115023, "alt": -0.03330041840672493, "vel": -0.020880112424492836, "acc": -0.0028075547888875008, "raw_alt": 0.055267333984375, "raw_acc": [-0.31603461503982544, 0.33039984107017517, 9.797073364257812], "lat": 0.0, "lon": 0.0, "apogee": 0.0, "temp": 34.51, "batt_v": 7.394, "phase": "Idle"}
{"millis": 115223, "alt": -0.04615696519613266, "vel": -0.02674504742026329, "acc": -0.0021741564851254225, "raw_alt": -0.1111907958984375, "raw_acc": [-0.3232172429561615, 0.3016694188117981, 9.804255485534668], "lat": 0.0, "lon": 0.0, "apogee": 0.0, "temp": 34.52, "batt_v": 7.403, "phase": "Idle"}
{"millis": 115423, "alt": -0.04488173872232437, "vel": -0.023701028898358345, "acc": -0.003707652213051915, "raw_alt": -0.03192138671875, "raw_acc": [-0.35913026332855225, 0.33039984107017517, 9.78989028930664], "lat": 0.0, "lon": 0.0, "apogee": 0.0, "temp": 34.51, "batt_v": 7.388, "phase": "Idle"}
{"millis": 115623, "alt": -0.04298248142004013, "vel": -0.018094811588525772, "acc": 0.0015273881144821644, "raw_alt": 0.078765869140625, "raw_acc": [-0.3878606855869293, 0.30885201692581177, 9.797073364257812], "lat": 0.0, "lon": 0.0, "apogee": 0.0, "temp": 34.51, "batt_v": 7.384, "phase": "Idle"}
{"millis": 115823, "alt": -0.060695260763168335, "vel": -0.028224898502230644, "acc": -0.003446672111749649, "raw_alt": -0.066558837890625, "raw_acc": [-0.33758243918418884, 0.31603461503982544, 9.775525093078613], "lat": 0.0, "lon": 0.0, "apogee": 0.0, "temp": 34.51, "batt_v": 7.416, "phase": "Idle"}
{"millis": 116023, "alt": -0.042269814759492874, "vel": -0.012367060407996178, "acc": 0.0007604765705764294, "raw_alt": -0.00579833984375, "raw_acc": [-0.35913026332855225, 0.31603461503982544, 9.775525093078613], "lat": 0.0, "lon": 0.0, "apogee": 0.0, "temp": 34.51, "batt_v": 7.384, "phase": "Idle"}
{"millis": 116223, "alt": -0.04589869827032089, "vel": -0.012356465682387352, "acc": 0.0013528484851121902, "raw_alt": 0.052337646484375, "raw_acc": [-0.35913026332855225, 0.33039984107017517, 9.782708168029785], "lat": 0.0, "lon": 0.0, "apogee": 0.0, "temp": 34.51, "batt_v": 7.391, "phase": "Idle"}
{"millis": 116423, "alt": -0.03223395347595215, "vel": -0.0009189965203404427, "acc": 0.0042487154714763165, "raw_alt": 0.08404541015625, "raw_acc": [-0.35913026332855225, 0.31603461503982544, 9.797073364257812], "lat": 0.0, "lon": 0.0, "apogee": 0.0, "temp": 34.51, "batt_v": 7.394, "phase": "Idle"}
{"millis": 116623, "alt": -0.023252183571457863, "vel": 0.00810101069509983, "acc": 0.010456053540110588, "raw_alt": 0.03790283203125, "raw_acc": [-0.3447650372982025, 0.3232172429561615, 9.797073364257812], "lat": 0.0, "lon": 0.0, "apogee": 0.0, "temp": 34.51, "batt_v": 7.407, "phase": "Idle"}
{"millis": 116823, "alt": -0.03563014417886734, "vel": -0.0006040758453309536, "acc": 0.0051948074251413345, "raw_alt": -0.1047821044921875, "raw_acc": [-0.33758243918418884, 0.3232172429561615, 9.78989028930664], "lat": 0.0, "lon": 0.0, "apogee": 0.0, "temp": 34.51, "batt_v": 7.372, "phase": "Idle"}
{"millis": 117023, "alt": -0.02068052627146244, "vel": 0.009181058965623379, "acc": 0.004160307347774506, "raw_alt": -0.020233154296875, "raw_acc": [-0.35913026332855225, 0.30885201692581177, 9.78989028930664], "lat": 0.0, "lon": 0.0, "apogee": 0.0, "temp": 34.51, "batt_v": 7.35, "phase": "Idle"}
{"millis": 117223, "alt": 0.012862102128565311, "vel": 0.03365468606352806, "acc": 0.01488020271062851, "raw_alt": 0.125091552734375, "raw_acc": [-0.3447650372982025, 0.33758243918418884, 9.81143856048584], "lat": 0.0, "lon": 0.0, "apogee": 0.0, "temp": 34.5, "batt_v": 7.403, "phase": "Idle"}
{"millis": 117423, "alt": 0.03489065170288086, "vel": 0.04375063255429268, "acc": 0.008938049897551537, "raw_alt": 0.043182373046875, "raw_acc": [-0.33039984107017517, 0.31603461503982544, 9.775525093078613], "lat": 0.0, "lon": 0.0, "apogee": 0.0, "temp": 34.5, "batt_v": 7.394, "phase": "Idle"}
{"millis": 117623, "alt": 0.03758808597922325, "vel": 0.039970796555280685, "acc": 0.004136671312153339, "raw_alt": 0.021942138671875, "raw_acc": [-0.35913026332855225, 0.3016694188117981, 9.782708168029785], "lat": 0.0, "lon": 0.0, "apogee": 0.0, "temp": 34.51, "batt_v": 7.429, "phase": "Idle"}
{"millis": 117823, "alt": 0.049636974930763245, "vel": 0.041269078850746155, "acc": -0.0012168087996542454, "raw_alt": 0.01666259765625, "raw_acc": [-0.3519476354122162, 0.30885201692581177, 9.768342971801758], "lat": 0.0, "lon": 0.0, "apogee": 0.0, "temp": 34.51, "batt_v": 7.381, "phase": "Idle"}
{"millis": 118023, "alt": 0.0603480227291584, "vel": 0.043537795543670654, "acc": 0.0006271882448345423, "raw_alt": 0.159332275390625, "raw_acc": [-0.3663128614425659, 0.3016694188117981, 9.78989028930664], "lat": 0.0, "lon": 0.0, "apogee": 0.0, "temp": 34.51, "batt_v": 7.394, "phase": "Idle"}
{"millis": 118223, "alt": 0.09439069777727127, "vel": 0.05815375968813896